// license:BSD-3-Clause
// copyright-holders:Aaron Giles
/*******************************************************************************

    cave.lst

    List of all enabled drivers for compile target. This is not an automatically
    generated file, and it should be manually updated when a new driver is added.

*******************************************************************************/

@source:atlus/cave.cpp
akatana
agallet
agalleth
agalletj
agalletk
agallett
agalletu
agalleta
agalletah
agalletaj
agalletak
agalletat
agalletau
cellage
crusherm
ddonpach
ddonpacha
ddonpachj
dfeveron
donpachi
donpachihk
donpachij
donpachijs
donpachikr
ddpsdoj
esprade
espradej
espradejo
feversos
gaia
guwange
guwanges
hotdogst
jumbogod
korokoro
mazinger
mazingerj
metmqstr
nmaster
paccarn
paceight
pacslot
plegends
plegendsj
ppsatan
pwrinst2
pwrinst2a
pwrinst2j
pwrinst2ja
sailormn
sailormnh
sailormnj
sailormnk
sailormnn
sailormnnh
sailormnnj
sailormnnk
sailormnnt
sailormnnu
sailormno
sailormnoh
sailormnoj
sailormnok
sailormnot
sailormnou
sailormnt
sailormnu
tekkenbs
tekkencw
theroes
theroesa
tjumpman
uopoko
uopokoj

@source:cave/cv1k.cpp
ddpdfk
ddpdfk10
deathsml
dfkbl
dsmbl
espgal2
espgal2a
espgal2b
futari10
futari15
futari15a
futaribl
futariblj
ibara
ibarao
ibarablk
ibarablka
mmmbanc
mmpork
mushisam
mushisama
mushisamb
mushitam
mushitama
pinkswts
pinkswtsa
pinkswtsb
pinkswtsx
pinkswtssc
